# JRE version: OpenJDK Runtime Environment (11.0.2+9) (build 11.0.2+9)
# Java VM: OpenJDK 64-Bit Server VM (11.0.2+9, mixed mode, tiered, compressed oops, g1 gc, windows-amd64)
Heap:
 garbage-first heap   total 150528K, used 86042K [0x0000000740000000, 0x0000000800000000)
  region size 1024K, 6 young (6144K), 4 survivors (4096K)
 Metaspace       used 89186K, capacity 91414K, committed 91676K, reserved 1128448K
  class space    used 12632K, capacity 13646K, committed 13772K, reserved 1048576K
GC Heap History (10 events):
Event: 46.750 GC heap before
{Heap before GC invocations=45 (full 2):
 garbage-first heap   total 150528K, used 141998K [0x0000000740000000, 0x0000000800000000)
  region size 1024K, 60 young (61440K), 2 survivors (2048K)
 Metaspace       used 86205K, capacity 88328K, committed 88604K, reserved 1124352K
  class space    used 12196K, capacity 13147K, committed 13260K, reserved 1048576K
}
Event: 46.752 GC heap after
{Heap after GC invocations=46 (full 2):
 garbage-first heap   total 150528K, used 82586K [0x0000000740000000, 0x0000000800000000)
  region size 1024K, 2 young (2048K), 2 survivors (2048K)
 Metaspace       used 86205K, capacity 88328K, committed 88604K, reserved 1124352K
  class space    used 12196K, capacity 13147K, committed 13260K, reserved 1048576K
}
Event: 51.628 GC heap before
{Heap before GC invocations=46 (full 2):
 garbage-first heap   total 150528K, used 141978K [0x0000000740000000, 0x0000000800000000)
  region size 1024K, 60 young (61440K), 2 survivors (2048K)
 Metaspace       used 87829K, capacity 89993K, committed 90140K, reserved 1126400K
  class space    used 12474K, capacity 13449K, committed 13516K, reserved 1048576K
}
Event: 51.632 GC heap after
{Heap after GC invocations=47 (full 2):
 garbage-first heap   total 150528K, used 84173K [0x0000000740000000, 0x0000000800000000)
  region size 1024K, 4 young (4096K), 4 survivors (4096K)
 Metaspace       used 87829K, capacity 89993K, committed 90140K, reserved 1126400K
  class space    used 12474K, capacity 13449K, committed 13516K, reserved 1048576K
}
Event: 58.207 GC heap before
{Heap before GC invocations=48 (full 2):
 garbage-first heap   total 150528K, used 141517K [0x0000000740000000, 0x0000000800000000)
  region size 1024K, 60 young (61440K), 4 survivors (4096K)
 Metaspace       used 88249K, capacity 90512K, committed 90780K, reserved 1126400K
  class space    used 12542K, capacity 13560K, committed 13644K, reserved 1048576K
}
Event: 58.209 GC heap after
{Heap after GC invocations=49 (full 2):
 garbage-first heap   total 150528K, used 84603K [0x0000000740000000, 0x0000000800000000)
  region size 1024K, 4 young (4096K), 4 survivors (4096K)
 Metaspace       used 88249K, capacity 90512K, committed 90780K, reserved 1126400K
  class space    used 12542K, capacity 13560K, committed 13644K, reserved 1048576K
}
Event: 72.662 GC heap before
{Heap before GC invocations=49 (full 2):
 garbage-first heap   total 150528K, used 141947K [0x0000000740000000, 0x0000000800000000)
  region size 1024K, 60 young (61440K), 4 survivors (4096K)
 Metaspace       used 88933K, capacity 91222K, committed 91420K, reserved 1126400K
  class space    used 12624K, capacity 13646K, committed 13772K, reserved 1048576K
}
Event: 72.665 GC heap after
{Heap after GC invocations=50 (full 2):
 garbage-first heap   total 150528K, used 85486K [0x0000000740000000, 0x0000000800000000)
  region size 1024K, 5 young (5120K), 5 survivors (5120K)
 Metaspace       used 88933K, capacity 91222K, committed 91420K, reserved 1126400K
  class space    used 12624K, capacity 13646K, committed 13772K, reserved 1048576K
}
Event: 79.355 GC heap before
{Heap before GC invocations=51 (full 2):
 garbage-first heap   total 150528K, used 141806K [0x0000000740000000, 0x0000000800000000)
  region size 1024K, 60 young (61440K), 5 survivors (5120K)
 Metaspace       used 89186K, capacity 91414K, committed 91676K, reserved 1128448K
  class space    used 12632K, capacity 13646K, committed 13772K, reserved 1048576K
}
Event: 79.357 GC heap after
{Heap after GC invocations=52 (full 2):
 garbage-first heap   total 150528K, used 85018K [0x0000000740000000, 0x0000000800000000)
  region size 1024K, 4 young (4096K), 4 survivors (4096K)
 Metaspace       used 89186K, capacity 91414K, committed 91676K, reserved 1128448K
  class space    used 12632K, capacity 13646K, committed 13772K, reserved 1048576K
}

