# JRE version: OpenJDK Runtime Environment (11.0.2+9) (build 11.0.2+9)
# Java VM: OpenJDK 64-Bit Server VM (11.0.2+9, mixed mode, tiered, compressed oops, g1 gc, windows-amd64)
Heap:
 garbage-first heap   total 307200K, used 133606K [0x0000000740000000, 0x0000000800000000)
  region size 1024K, 42 young (43008K), 1 survivors (1024K)
 Metaspace       used 96472K, capacity 97525K, committed 101584K, reserved 1136640K
  class space    used 12636K, capacity 13043K, committed 14464K, reserved 1048576K
GC Heap History (10 events):
Event: 24533.067 GC heap before
{Heap before GC invocations=1155 (full 241):
 garbage-first heap   total 307200K, used 152527K [0x0000000740000000, 0x0000000800000000)
  region size 1024K, 60 young (61440K), 1 survivors (1024K)
 Metaspace       used 96445K, capacity 97461K, committed 101584K, reserved 1136640K
  class space    used 12636K, capacity 13043K, committed 14464K, reserved 1048576K
}
Event: 24533.068 GC heap after
{Heap after GC invocations=1156 (full 241):
 garbage-first heap   total 307200K, used 92126K [0x0000000740000000, 0x0000000800000000)
  region size 1024K, 1 young (1024K), 1 survivors (1024K)
 Metaspace       used 96445K, capacity 97461K, committed 101584K, reserved 1136640K
  class space    used 12636K, capacity 13043K, committed 14464K, reserved 1048576K
}
Event: 24613.052 GC heap before
{Heap before GC invocations=1156 (full 241):
 garbage-first heap   total 307200K, used 152542K [0x0000000740000000, 0x0000000800000000)
  region size 1024K, 60 young (61440K), 1 survivors (1024K)
 Metaspace       used 96445K, capacity 97461K, committed 101584K, reserved 1136640K
  class space    used 12636K, capacity 13043K, committed 14464K, reserved 1048576K
}
Event: 24613.054 GC heap after
{Heap after GC invocations=1157 (full 241):
 garbage-first heap   total 307200K, used 92143K [0x0000000740000000, 0x0000000800000000)
  region size 1024K, 1 young (1024K), 1 survivors (1024K)
 Metaspace       used 96445K, capacity 97461K, committed 101584K, reserved 1136640K
  class space    used 12636K, capacity 13043K, committed 14464K, reserved 1048576K
}
Event: 24649.310 GC heap before
{Heap before GC invocations=1157 (full 241):
 garbage-first heap   total 307200K, used 152559K [0x0000000740000000, 0x0000000800000000)
  region size 1024K, 60 young (61440K), 1 survivors (1024K)
 Metaspace       used 96445K, capacity 97461K, committed 101584K, reserved 1136640K
  class space    used 12636K, capacity 13043K, committed 14464K, reserved 1048576K
}
Event: 24649.311 GC heap after
{Heap after GC invocations=1158 (full 241):
 garbage-first heap   total 307200K, used 92209K [0x0000000740000000, 0x0000000800000000)
  region size 1024K, 1 young (1024K), 1 survivors (1024K)
 Metaspace       used 96445K, capacity 97461K, committed 101584K, reserved 1136640K
  class space    used 12636K, capacity 13043K, committed 14464K, reserved 1048576K
}
Event: 24675.832 GC heap before
{Heap before GC invocations=1158 (full 241):
 garbage-first heap   total 307200K, used 152625K [0x0000000740000000, 0x0000000800000000)
  region size 1024K, 60 young (61440K), 1 survivors (1024K)
 Metaspace       used 96466K, capacity 97525K, committed 101584K, reserved 1136640K
  class space    used 12636K, capacity 13043K, committed 14464K, reserved 1048576K
}
Event: 24675.833 GC heap after
{Heap after GC invocations=1159 (full 241):
 garbage-first heap   total 307200K, used 92744K [0x0000000740000000, 0x0000000800000000)
  region size 1024K, 1 young (1024K), 1 survivors (1024K)
 Metaspace       used 96466K, capacity 97525K, committed 101584K, reserved 1136640K
  class space    used 12636K, capacity 13043K, committed 14464K, reserved 1048576K
}
Event: 24678.210 GC heap before
{Heap before GC invocations=1159 (full 241):
 garbage-first heap   total 307200K, used 153160K [0x0000000740000000, 0x0000000800000000)
  region size 1024K, 60 young (61440K), 1 survivors (1024K)
 Metaspace       used 96472K, capacity 97525K, committed 101584K, reserved 1136640K
  class space    used 12636K, capacity 13043K, committed 14464K, reserved 1048576K
}
Event: 24678.212 GC heap after
{Heap after GC invocations=1160 (full 241):
 garbage-first heap   total 307200K, used 92646K [0x0000000740000000, 0x0000000800000000)
  region size 1024K, 1 young (1024K), 1 survivors (1024K)
 Metaspace       used 96472K, capacity 97525K, committed 101584K, reserved 1136640K
  class space    used 12636K, capacity 13043K, committed 14464K, reserved 1048576K
}

